2021-11-19 09:22:36,236 INFO (StartupInfoLogger.java:50)- Starting CloudplatformApplication on LAPTOP-024QQD7A with PID 14008 (D:\workspacefour\wlwpro\CloudPlatform_ZF\target\classes started by sunyue in D:\workspacefour\wlwpro\CloudPlatform_ZF)
2021-11-19 09:22:36,241 DEBUG (StartupInfoLogger.java:53)- Running with Spring Boot v2.1.3.RELEASE, Spring v5.1.5.RELEASE
2021-11-19 09:22:36,242 INFO (SpringApplication.java:675)- No active profile set, falling back to default profiles: default
2021-11-19 09:22:38,906 INFO (ShiroConfiguration.java:57)- lifecycleBeanPostProcessor
2021-11-19 09:22:38,930 INFO (ShiroConfiguration.java:150)- ShiroConfigration.getShiroFilterFactoryBean()
2021-11-19 09:22:39,252 INFO (ShiroConfiguration.java:99)- lifecycleBeanPostProcessor  ShiroRealm
2021-11-19 09:22:45,140 INFO (MyWebMvcConfigurerAdapter.java:53)- addInterceptors  添加拦截规则
2021-11-19 09:22:45,254 INFO (MyWebMvcConfigurerAdapter.java:41)- addViewControllers
2021-11-19 09:22:45,271 INFO (MyWebMvcConfigurerAdapter.java:28)- addResourceHandlers
2021-11-19 09:22:45,963 INFO (StartupInfoLogger.java:59)- Started CloudplatformApplication in 10.024 seconds (JVM running for 12.257)
2021-11-19 09:22:50,414 INFO (MyInterceptor.java:36)- 0:0:0:0:0:0:0:1   status: 200  path: /doLogin
2021-11-19 09:22:50,424 INFO (LogRecordAspect.java:75)- 请求=======类型:GET com.jxctdzkj.cloudplatform.controller.BaseController
2021-11-19 09:22:50,425 INFO (LogRecordAspect.java:76)- 客户端=====地址:0:0:0:0:0:0:0:1
2021-11-19 09:22:50,425 INFO (LogRecordAspect.java:77)- 请求开始===地址:http://localhost:8180/doLogin;jsessionid=C7D82747DB5B0D4FDFBC8F53AD969B2A?null
2021-11-19 09:22:50,430 INFO (LogRecordAspect.java:84)- 请求结束===返回值:org.apache.shiro.web.servlet.ShiroHttpServletRequest@6994f022
2021-11-19 09:22:50,432 INFO (MyInterceptor.java:88)- [BaseController.doLogin] 执行耗时 : 18ms
2021-11-19 09:22:50,984 INFO (MyInterceptor.java:36)- 0:0:0:0:0:0:0:1   status: 200  path: /static/layui/css/layui.css
2021-11-19 09:22:50,984 INFO (MyInterceptor.java:36)- 0:0:0:0:0:0:0:1   status: 200  path: /static/css/normalize.css
2021-11-19 09:22:50,984 INFO (MyInterceptor.java:36)- 0:0:0:0:0:0:0:1   status: 200  path: /static/css/indexCss/indexsubject1.css
2021-11-19 09:22:51,012 INFO (MyInterceptor.java:36)- 0:0:0:0:0:0:0:1   status: 200  path: /static/css/input.css
2021-11-19 09:22:51,012 INFO (MyInterceptor.java:36)- 0:0:0:0:0:0:0:1   status: 200  path: /static/css/demo.css
2021-11-19 09:22:51,012 INFO (MyInterceptor.java:36)- 0:0:0:0:0:0:0:1   status: 200  path: /static/css/component.css
2021-11-19 09:22:51,027 INFO (MyInterceptor.java:36)- 0:0:0:0:0:0:0:1   status: 200  path: /static/js/jquery.min.js
2021-11-19 09:22:51,031 INFO (MyInterceptor.java:36)- 0:0:0:0:0:0:0:1   status: 200  path: /static/layui/layui.js
2021-11-19 09:22:51,032 INFO (MyInterceptor.java:36)- 0:0:0:0:0:0:0:1   status: 200  path: /static/js/html5.js
2021-11-19 09:22:51,054 INFO (MyInterceptor.java:36)- 0:0:0:0:0:0:0:1   status: 200  path: /static/js/TweenLite.min.js
2021-11-19 09:22:51,059 INFO (MyInterceptor.java:36)- 0:0:0:0:0:0:0:1   status: 200  path: /static/js/EasePack.min.js
2021-11-19 09:22:51,073 INFO (MyInterceptor.java:36)- 0:0:0:0:0:0:0:1   status: 200  path: /static/js/rAF.js
2021-11-19 09:22:51,089 INFO (MyInterceptor.java:36)- 0:0:0:0:0:0:0:1   status: 200  path: /static/js/demo-1.js
2021-11-19 09:22:51,109 INFO (MyInterceptor.java:36)- 0:0:0:0:0:0:0:1   status: 200  path: /static/i18n/jquery.i18n.properties.js
2021-11-19 09:22:51,113 INFO (MyInterceptor.java:36)- 0:0:0:0:0:0:0:1   status: 200  path: /static/js/common.js
2021-11-19 09:22:51,114 INFO (MyInterceptor.java:36)- 0:0:0:0:0:0:0:1   status: 200  path: /static/js/login.js
2021-11-19 09:22:51,248 INFO (MyInterceptor.java:36)- 0:0:0:0:0:0:0:1   status: 200  path: /static/i18n/zh-CN/zh.properties
2021-11-19 09:22:51,326 INFO (MyInterceptor.java:36)- 0:0:0:0:0:0:0:1   status: 200  path: /static/img/demo-1-bg.png
2021-11-19 09:22:51,327 INFO (MyInterceptor.java:36)- 0:0:0:0:0:0:0:1   status: 200  path: /static/img/login_ico.png
2021-11-19 09:22:51,351 INFO (MyInterceptor.java:36)- 0:0:0:0:0:0:0:1   status: 200  path: /static/layui/lay/modules/layer.js
2021-11-19 09:22:51,394 INFO (MyInterceptor.java:36)- 0:0:0:0:0:0:0:1   status: 200  path: /static/layui/css/modules/layer/default/layer.css
2021-11-19 09:22:51,395 INFO (MyInterceptor.java:36)- 0:0:0:0:0:0:0:1   status: 200  path: /static/layui/lay/modules/form.js
2021-11-19 09:22:54,338 INFO (MyInterceptor.java:36)- 0:0:0:0:0:0:0:1   status: 200  path: /doLogin
2021-11-19 09:22:54,338 INFO (LogRecordAspect.java:75)- 请求=======类型:GET com.jxctdzkj.cloudplatform.controller.BaseController
2021-11-19 09:22:54,338 INFO (LogRecordAspect.java:76)- 客户端=====地址:0:0:0:0:0:0:0:1
2021-11-19 09:22:54,338 INFO (LogRecordAspect.java:77)- 请求开始===地址:http://localhost:8180/doLogin?null
2021-11-19 09:22:54,338 INFO (LogRecordAspect.java:84)- 请求结束===返回值:org.apache.shiro.web.servlet.ShiroHttpServletRequest@6e107da8
2021-11-19 09:22:54,339 INFO (MyInterceptor.java:88)- [BaseController.doLogin] 执行耗时 : 1ms
2021-11-19 09:22:54,418 INFO (MyInterceptor.java:36)- 0:0:0:0:0:0:0:1   status: 200  path: /static/i18n/zh-CN/zh.properties
2021-11-19 09:22:58,660 INFO (MyInterceptor.java:36)- 0:0:0:0:0:0:0:1   status: 200  path: /static/layui/css/modules/layer/default/loading-2.gif
2021-11-19 09:22:58,673 INFO (MyInterceptor.java:36)- 0:0:0:0:0:0:0:1   status: 200  path: /index/login
2021-11-19 09:22:58,678 INFO (LogRecordAspect.java:75)- 请求=======类型:POST com.jxctdzkj.cloudplatform.controller.IndexController
2021-11-19 09:22:58,679 INFO (LogRecordAspect.java:76)- 客户端=====地址:0:0:0:0:0:0:0:1
2021-11-19 09:22:58,679 INFO (LogRecordAspect.java:77)- 请求开始===地址:http://localhost:8180/index/login?adminfish&123456&
2021-11-19 09:22:58,683 INFO (LoginServiceImpl.java:72)- token =org.apache.shiro.authc.UsernamePasswordToken - adminfish, rememberMe=false
2021-11-19 09:22:58,683 INFO (ShiroRealm.java:78)- 验证 doGetAuthenticationInfo AuthenticationToken =org.apache.shiro.authc.UsernamePasswordToken - adminfish, rememberMe=false
2021-11-19 09:22:58,710 INFO (ShiroRealm.java:85)- loginUser = SysUser{id='2391', userName='adminfish', email='null', lastLoginTime=2021-11-18 20:49:58.0, creatTime=2021-02-01 20:53:45.0, password='e10adc3949ba59abbe56e057f20f883e', realName='null', level=1, tel='15726663207', role='12', areaCode='371000XPTYH', channel='null', userCode='371000XPTYH', parentUser='a00002', faceCode='1001'}
2021-11-19 09:22:58,721 INFO (LoginServiceImpl.java:124)- 设置用户session
2021-11-19 09:22:58,722 INFO (ControllerHelper.java:74)- userName =adminfish
2021-11-19 09:22:58,722 INFO (LoginServiceImpl.java:125)- 用户session ：adminfish
2021-11-19 09:22:58,760 INFO (LogRecordAspect.java:84)- 请求结束===返回值:org.apache.shiro.web.servlet.ShiroHttpServletRequest@278cde71
2021-11-19 09:22:58,804 INFO (MyInterceptor.java:88)- [IndexController.login] 执行耗时 : 131ms
2021-11-19 09:22:58,811 INFO (LogRecordAspect.java:75)- 请求=======类型:GET com.jxctdzkj.cloudplatform.controller.IndexController
2021-11-19 09:22:58,811 INFO (LogRecordAspect.java:76)- 客户端=====地址:0:0:0:0:0:0:0:1
2021-11-19 09:22:58,811 INFO (LogRecordAspect.java:77)- 请求开始===地址:http://localhost:8180/index?null
2021-11-19 09:22:58,811 INFO (ControllerHelper.java:74)- userName =adminfish
2021-11-19 09:22:58,909 INFO (LogRecordAspect.java:84)- 请求结束===返回值:org.apache.shiro.web.servlet.ShiroHttpServletRequest@7144ad69
2021-11-19 09:22:58,989 INFO (MyInterceptor.java:36)- 0:0:0:0:0:0:0:1   status: 200  path: /static/css/admin.css
2021-11-19 09:22:58,992 INFO (MyInterceptor.java:36)- 0:0:0:0:0:0:0:1   status: 200  path: /static/layui/css/modules/layer/default/layer.css
2021-11-19 09:22:58,994 INFO (MyInterceptor.java:36)- 0:0:0:0:0:0:0:1   status: 200  path: /static/tost/src/jquery.toast.css
2021-11-19 09:22:58,995 INFO (MyInterceptor.java:36)- 0:0:0:0:0:0:0:1   status: 200  path: /static/layui/myicon/iconfont.css
2021-11-19 09:22:58,996 INFO (MyInterceptor.java:36)- 0:0:0:0:0:0:0:1   status: 200  path: /agriculture/agricultureIndex
2021-11-19 09:22:58,997 INFO (LogRecordAspect.java:75)- 请求=======类型:GET com.jxctdzkj.cloudplatform.controller.AgricultureController
2021-11-19 09:22:58,997 INFO (LogRecordAspect.java:76)- 客户端=====地址:0:0:0:0:0:0:0:1
2021-11-19 09:22:58,998 INFO (LogRecordAspect.java:77)- 请求开始===地址:http://localhost:8180/agriculture/agricultureIndex?
2021-11-19 09:22:58,998 INFO (MyInterceptor.java:36)- 0:0:0:0:0:0:0:1   status: 200  path: /static/css/agriculture/swiper.min.css
2021-11-19 09:22:59,001 INFO (MyInterceptor.java:36)- 0:0:0:0:0:0:0:1   status: 200  path: /static/js/topic.js
2021-11-19 09:22:59,002 INFO (LogRecordAspect.java:84)- 请求结束===返回值:org.apache.shiro.web.servlet.ShiroHttpServletRequest@40606f88
2021-11-19 09:22:59,002 INFO (MyInterceptor.java:88)- [AgricultureController.agricultureIndex] 执行耗时 : 6ms
2021-11-19 09:22:59,006 INFO (MyInterceptor.java:36)- 0:0:0:0:0:0:0:1   status: 200  path: /static/js/socket.js
2021-11-19 09:22:59,010 INFO (MyInterceptor.java:36)- 0:0:0:0:0:0:0:1   status: 200  path: /static/js/jquery.nicescroll.js
2021-11-19 09:22:59,016 INFO (MyInterceptor.java:36)- 0:0:0:0:0:0:0:1   status: 200  path: /static/js/agriculture/swiper.min.js
2021-11-19 09:22:59,025 INFO (MyInterceptor.java:36)- 0:0:0:0:0:0:0:1   status: 200  path: /tost/src/jquery.toast.js
2021-11-19 09:22:59,030 INFO (MyInterceptor.java:36)- 0:0:0:0:0:0:0:1   status: 200  path: /sound/alarm.mp3
2021-11-19 09:22:59,033 INFO (MyInterceptor.java:36)- 0:0:0:0:0:0:0:1   status: 200  path: /static/i18n/zh-CN/zh.properties
2021-11-19 09:22:59,056 INFO (MyInterceptor.java:36)- 0:0:0:0:0:0:0:1   status: 200  path: /static/img/agriculture/next.png
2021-11-19 09:22:59,056 INFO (MyInterceptor.java:36)- 0:0:0:0:0:0:0:1   status: 200  path: /static/img/agriculture/prev.png
2021-11-19 09:22:59,087 INFO (MyInterceptor.java:36)- 0:0:0:0:0:0:0:1   status: 200  path: /static/css/common.css
2021-11-19 09:22:59,092 INFO (MyInterceptor.java:36)- 0:0:0:0:0:0:0:1   status: 200  path: /static/css/agriculture/agricultureIndex.css
2021-11-19 09:22:59,095 INFO (MyInterceptor.java:36)- 0:0:0:0:0:0:0:1   status: 200  path: /static/chart/echarts.min.js
2021-11-19 09:22:59,100 INFO (MyInterceptor.java:36)- 0:0:0:0:0:0:0:1   status: 200  path: /static/js/china.js
2021-11-19 09:22:59,110 INFO (MyInterceptor.java:36)- 0:0:0:0:0:0:0:1   status: 200  path: /static/js/ezuikit.js
2021-11-19 09:22:59,121 INFO (MyInterceptor.java:36)- 0:0:0:0:0:0:0:1   status: 200  path: /static/js/agriculture/agricultureIndex.js
2021-11-19 09:22:59,127 INFO (MyInterceptor.java:36)- 0:0:0:0:0:0:0:1   status: 200  path: /static/js/fullScreen.js
2021-11-19 09:22:59,149 INFO (MyInterceptor.java:36)- 0:0:0:0:0:0:0:1   status: 200  path: /user/selUserDetails
2021-11-19 09:22:59,150 INFO (LogRecordAspect.java:75)- 请求=======类型:POST com.jxctdzkj.cloudplatform.controller.UserController
2021-11-19 09:22:59,151 INFO (LogRecordAspect.java:76)- 客户端=====地址:0:0:0:0:0:0:0:1
2021-11-19 09:22:59,151 INFO (LogRecordAspect.java:77)- 请求开始===地址:http://localhost:8180/user/selUserDetails?
2021-11-19 09:22:59,159 INFO (ControllerHelper.java:74)- userName =adminfish
2021-11-19 09:22:59,162 INFO (MyInterceptor.java:36)- 0:0:0:0:0:0:0:1   status: 200  path: /static/layui/lay/modules/element.js
2021-11-19 09:22:59,176 INFO (MyInterceptor.java:36)- 0:0:0:0:0:0:0:1   status: 200  path: /static/img/agriculture/camera.png
2021-11-19 09:22:59,190 INFO (MyInterceptor.java:36)- 0:0:0:0:0:0:0:1   status: 200  path: /static/img/agriculture/pointRight.png
2021-11-19 09:22:59,202 INFO (MyInterceptor.java:36)- 0:0:0:0:0:0:0:1   status: 200  path: /static/img/agriculture/farmerPhoto.jpg
2021-11-19 09:22:59,207 INFO (LogRecordAspect.java:84)- 请求结束===返回值:org.apache.shiro.web.servlet.ShiroHttpServletRequest@4a454e6a
2021-11-19 09:22:59,213 INFO (MyInterceptor.java:88)- [UserController.selSubUserList] 执行耗时 : 64ms
2021-11-19 09:22:59,229 INFO (MyInterceptor.java:36)- 0:0:0:0:0:0:0:1   status: 200  path: /static/img/agriculture/noMsg.png
2021-11-19 09:22:59,240 INFO (MyInterceptor.java:36)- 0:0:0:0:0:0:0:1   status: 200  path: /static/img/agriculture/dangerMsg.png
2021-11-19 09:22:59,247 INFO (MyInterceptor.java:36)- 0:0:0:0:0:0:0:1   status: 200  path: /static/img/agriculture/allSee.png
2021-11-19 09:22:59,254 INFO (MyInterceptor.java:36)- 0:0:0:0:0:0:0:1   status: 200  path: /static/img/agriculture/device.png
2021-11-19 09:22:59,262 INFO (MyInterceptor.java:36)- 0:0:0:0:0:0:0:1   status: 200  path: /static/img/agriculture/pointLeft.png
2021-11-19 09:22:59,269 INFO (MyInterceptor.java:36)- 0:0:0:0:0:0:0:1   status: 200  path: /static/img/agriculture/data.png
2021-11-19 09:22:59,279 INFO (MyInterceptor.java:36)- 0:0:0:0:0:0:0:1   status: 200  path: /static/img/agriculture/placeMsg.png
2021-11-19 09:22:59,443 INFO (MyInterceptor.java:36)- 0:0:0:0:0:0:0:1   status: 200  path: /static/i18n/zh-CN/zh.properties
2021-11-19 09:22:59,469 INFO (MyInterceptor.java:36)- 0:0:0:0:0:0:0:1   status: 200  path: /projectBaseScene/findEntperpriseList
2021-11-19 09:22:59,469 INFO (MyInterceptor.java:36)- 0:0:0:0:0:0:0:1   status: 200  path: /expertManage/findDiseaseList
2021-11-19 09:22:59,472 INFO (LogRecordAspect.java:75)- 请求=======类型:POST com.jxctdzkj.cloudplatform.controller.ProjectBaseSceneController
2021-11-19 09:22:59,473 INFO (LogRecordAspect.java:76)- 客户端=====地址:0:0:0:0:0:0:0:1
2021-11-19 09:22:59,473 INFO (LogRecordAspect.java:75)- 请求=======类型:POST com.jxctdzkj.cloudplatform.controller.ExpertManageController
2021-11-19 09:22:59,473 INFO (LogRecordAspect.java:77)- 请求开始===地址:http://localhost:8180/projectBaseScene/findEntperpriseList?1&200&
2021-11-19 09:22:59,473 INFO (LogRecordAspect.java:76)- 客户端=====地址:0:0:0:0:0:0:0:1
2021-11-19 09:22:59,473 INFO (LogRecordAspect.java:77)- 请求开始===地址:http://localhost:8180/expertManage/findDiseaseList?2&0&0&50&&
2021-11-19 09:22:59,487 INFO (ControllerHelper.java:55)- userName =adminfish
2021-11-19 09:22:59,508 INFO (MyInterceptor.java:36)- 0:0:0:0:0:0:0:1   status: 200  path: /projectBaseScene/findEntperpriseList
2021-11-19 09:22:59,508 INFO (LogRecordAspect.java:75)- 请求=======类型:POST com.jxctdzkj.cloudplatform.controller.ProjectBaseSceneController
2021-11-19 09:22:59,509 INFO (LogRecordAspect.java:76)- 客户端=====地址:0:0:0:0:0:0:0:1
2021-11-19 09:22:59,509 INFO (LogRecordAspect.java:77)- 请求开始===地址:http://localhost:8180/projectBaseScene/findEntperpriseList?1&200&
2021-11-19 09:22:59,509 INFO (ControllerHelper.java:55)- userName =adminfish
2021-11-19 09:22:59,514 INFO (MyInterceptor.java:36)- 0:0:0:0:0:0:0:1   status: 200  path: /static/img/agriculture/allMap.jpg
2021-11-19 09:22:59,532 INFO (MyInterceptor.java:36)- 0:0:0:0:0:0:0:1   status: 200  path: /projectBaseScene/listBases
2021-11-19 09:22:59,534 INFO (LogRecordAspect.java:75)- 请求=======类型:POST com.jxctdzkj.cloudplatform.controller.ProjectBaseSceneController
2021-11-19 09:22:59,534 INFO (LogRecordAspect.java:76)- 客户端=====地址:0:0:0:0:0:0:0:1
2021-11-19 09:22:59,534 INFO (LogRecordAspect.java:77)- 请求开始===地址:http://localhost:8180/projectBaseScene/listBases?1&100&
2021-11-19 09:22:59,534 INFO (ControllerHelper.java:55)- userName =adminfish
2021-11-19 09:22:59,545 INFO (LogRecordAspect.java:84)- 请求结束===返回值:org.apache.shiro.web.servlet.ShiroHttpServletRequest@7b5997ea
2021-11-19 09:22:59,551 INFO (LogRecordAspect.java:84)- 请求结束===返回值:org.apache.shiro.web.servlet.ShiroHttpServletRequest@2dc12fa5
2021-11-19 09:22:59,551 INFO (MyInterceptor.java:88)- [ProjectBaseSceneController.findEntperpriseList] 执行耗时 : 82ms
2021-11-19 09:22:59,552 INFO (MyInterceptor.java:88)- [ProjectBaseSceneController.findEntperpriseList] 执行耗时 : 44ms
2021-11-19 09:22:59,565 INFO (LogRecordAspect.java:84)- 请求结束===返回值:org.apache.shiro.web.servlet.ShiroHttpServletRequest@66d8178
2021-11-19 09:22:59,566 INFO (MyInterceptor.java:88)- [ProjectBaseSceneController.listBases] 执行耗时 : 34ms
2021-11-19 09:22:59,601 INFO (MyInterceptor.java:36)- 0:0:0:0:0:0:0:1   status: 200  path: /projectBaseScene/findProjectByEntperpriseId
2021-11-19 09:22:59,602 INFO (LogRecordAspect.java:75)- 请求=======类型:POST com.jxctdzkj.cloudplatform.controller.ProjectBaseSceneController
2021-11-19 09:22:59,602 INFO (LogRecordAspect.java:76)- 客户端=====地址:0:0:0:0:0:0:0:1
2021-11-19 09:22:59,602 INFO (LogRecordAspect.java:77)- 请求开始===地址:http://localhost:8180/projectBaseScene/findProjectByEntperpriseId?62&
2021-11-19 09:22:59,603 INFO (MyInterceptor.java:36)- 0:0:0:0:0:0:0:1   status: 200  path: /projectBaseScene/findProjectList
2021-11-19 09:22:59,604 INFO (LogRecordAspect.java:75)- 请求=======类型:POST com.jxctdzkj.cloudplatform.controller.ProjectBaseSceneController
2021-11-19 09:22:59,604 INFO (LogRecordAspect.java:76)- 客户端=====地址:0:0:0:0:0:0:0:1
2021-11-19 09:22:59,605 INFO (LogRecordAspect.java:77)- 请求开始===地址:http://localhost:8180/projectBaseScene/findProjectList?1&200&62&0&
2021-11-19 09:22:59,605 INFO (ControllerHelper.java:55)- userName =adminfish
2021-11-19 09:22:59,637 INFO (LogRecordAspect.java:84)- 请求结束===返回值:org.apache.shiro.web.servlet.ShiroHttpServletRequest@13805fdb
2021-11-19 09:22:59,639 INFO (MyInterceptor.java:88)- [ProjectBaseSceneController.findProjectByEntperpriseId] 执行耗时 : 38ms
2021-11-19 09:22:59,652 INFO (LogRecordAspect.java:84)- 请求结束===返回值:org.apache.shiro.web.servlet.ShiroHttpServletRequest@aa810bd
2021-11-19 09:22:59,653 INFO (MyInterceptor.java:88)- [ProjectBaseSceneController.findProjectList] 执行耗时 : 50ms
2021-11-19 09:22:59,658 INFO (MyInterceptor.java:36)- 0:0:0:0:0:0:0:1   status: 200  path: /projectBaseScene/findBaseList
2021-11-19 09:22:59,658 INFO (MyInterceptor.java:36)- 0:0:0:0:0:0:0:1   status: 200  path: /projectBaseScene/findBaseList
2021-11-19 09:22:59,659 INFO (MyInterceptor.java:36)- 0:0:0:0:0:0:0:1   status: 200  path: /projectBaseScene/findBaseList
2021-11-19 09:22:59,659 INFO (MyInterceptor.java:36)- 0:0:0:0:0:0:0:1   status: 200  path: /projectBaseScene/findBaseList
2021-11-19 09:22:59,660 INFO (MyInterceptor.java:36)- 0:0:0:0:0:0:0:1   status: 200  path: /projectBaseScene/findBaseList
2021-11-19 09:22:59,660 INFO (LogRecordAspect.java:75)- 请求=======类型:POST com.jxctdzkj.cloudplatform.controller.ProjectBaseSceneController
2021-11-19 09:22:59,660 INFO (LogRecordAspect.java:75)- 请求=======类型:POST com.jxctdzkj.cloudplatform.controller.ProjectBaseSceneController
2021-11-19 09:22:59,660 INFO (LogRecordAspect.java:75)- 请求=======类型:POST com.jxctdzkj.cloudplatform.controller.ProjectBaseSceneController
2021-11-19 09:22:59,660 INFO (LogRecordAspect.java:76)- 客户端=====地址:0:0:0:0:0:0:0:1
2021-11-19 09:22:59,660 INFO (LogRecordAspect.java:76)- 客户端=====地址:0:0:0:0:0:0:0:1
2021-11-19 09:22:59,660 INFO (LogRecordAspect.java:76)- 客户端=====地址:0:0:0:0:0:0:0:1
2021-11-19 09:22:59,660 INFO (LogRecordAspect.java:75)- 请求=======类型:POST com.jxctdzkj.cloudplatform.controller.ProjectBaseSceneController
2021-11-19 09:22:59,660 INFO (LogRecordAspect.java:77)- 请求开始===地址:http://localhost:8180/projectBaseScene/findBaseList?1&200&86&0&
2021-11-19 09:22:59,660 INFO (LogRecordAspect.java:77)- 请求开始===地址:http://localhost:8180/projectBaseScene/findBaseList?1&200&87&0&
2021-11-19 09:22:59,660 INFO (LogRecordAspect.java:77)- 请求开始===地址:http://localhost:8180/projectBaseScene/findBaseList?1&200&84&0&
2021-11-19 09:22:59,660 INFO (LogRecordAspect.java:76)- 客户端=====地址:0:0:0:0:0:0:0:1
2021-11-19 09:22:59,661 INFO (LogRecordAspect.java:77)- 请求开始===地址:http://localhost:8180/projectBaseScene/findBaseList?1&200&85&0&
2021-11-19 09:22:59,661 INFO (ControllerHelper.java:55)- userName =adminfish
2021-11-19 09:22:59,661 INFO (LogRecordAspect.java:75)- 请求=======类型:POST com.jxctdzkj.cloudplatform.controller.ProjectBaseSceneController
2021-11-19 09:22:59,661 INFO (ControllerHelper.java:55)- userName =adminfish
2021-11-19 09:22:59,661 INFO (ControllerHelper.java:55)- userName =adminfish
2021-11-19 09:22:59,661 INFO (LogRecordAspect.java:76)- 客户端=====地址:0:0:0:0:0:0:0:1
2021-11-19 09:22:59,661 INFO (ControllerHelper.java:55)- userName =adminfish
2021-11-19 09:22:59,661 INFO (LogRecordAspect.java:77)- 请求开始===地址:http://localhost:8180/projectBaseScene/findBaseList?1&200&84&0&
2021-11-19 09:22:59,661 INFO (ControllerHelper.java:55)- userName =adminfish
2021-11-19 09:22:59,760 INFO (LogRecordAspect.java:84)- 请求结束===返回值:org.apache.shiro.web.servlet.ShiroHttpServletRequest@5a32d3d6
2021-11-19 09:22:59,763 INFO (MyInterceptor.java:88)- [ExpertManageController.findDiseaseList] 执行耗时 : 294ms
2021-11-19 09:22:59,806 INFO (LogRecordAspect.java:84)- 请求结束===返回值:org.apache.shiro.web.servlet.ShiroHttpServletRequest@3c3dc63d
2021-11-19 09:22:59,807 INFO (LogRecordAspect.java:84)- 请求结束===返回值:org.apache.shiro.web.servlet.ShiroHttpServletRequest@368be350
2021-11-19 09:22:59,807 INFO (LogRecordAspect.java:84)- 请求结束===返回值:org.apache.shiro.web.servlet.ShiroHttpServletRequest@26fa4c93
2021-11-19 09:22:59,807 INFO (MyInterceptor.java:88)- [ProjectBaseSceneController.findBaseList] 执行耗时 : 148ms
2021-11-19 09:22:59,807 INFO (MyInterceptor.java:88)- [ProjectBaseSceneController.findBaseList] 执行耗时 : 149ms
2021-11-19 09:22:59,807 INFO (MyInterceptor.java:88)- [ProjectBaseSceneController.findBaseList] 执行耗时 : 149ms
2021-11-19 09:22:59,820 INFO (LogRecordAspect.java:84)- 请求结束===返回值:org.apache.shiro.web.servlet.ShiroHttpServletRequest@33743eee
2021-11-19 09:22:59,820 INFO (MyInterceptor.java:88)- [ProjectBaseSceneController.findBaseList] 执行耗时 : 160ms
2021-11-19 09:22:59,823 INFO (MyInterceptor.java:36)- 0:0:0:0:0:0:0:1   status: 200  path: /projectBaseScene/findBaseList
2021-11-19 09:22:59,823 INFO (LogRecordAspect.java:75)- 请求=======类型:POST com.jxctdzkj.cloudplatform.controller.ProjectBaseSceneController
2021-11-19 09:22:59,823 INFO (LogRecordAspect.java:76)- 客户端=====地址:0:0:0:0:0:0:0:1
2021-11-19 09:22:59,823 INFO (LogRecordAspect.java:77)- 请求开始===地址:http://localhost:8180/projectBaseScene/findBaseList?1&200&85&0&
2021-11-19 09:22:59,824 INFO (ControllerHelper.java:55)- userName =adminfish
2021-11-19 09:22:59,904 INFO (LogRecordAspect.java:84)- 请求结束===返回值:org.apache.shiro.web.servlet.ShiroHttpServletRequest@75e1bf2c
2021-11-19 09:22:59,904 INFO (MyInterceptor.java:88)- [ProjectBaseSceneController.findBaseList] 执行耗时 : 245ms
2021-11-19 09:22:59,912 INFO (LogRecordAspect.java:84)- 请求结束===返回值:org.apache.shiro.web.servlet.ShiroHttpServletRequest@10011c2d
2021-11-19 09:22:59,912 INFO (MyInterceptor.java:88)- [ProjectBaseSceneController.findBaseList] 执行耗时 : 89ms
2021-11-19 09:22:59,915 INFO (MyInterceptor.java:36)- 0:0:0:0:0:0:0:1   status: 200  path: /projectBaseScene/findBaseList
2021-11-19 09:22:59,916 INFO (LogRecordAspect.java:75)- 请求=======类型:POST com.jxctdzkj.cloudplatform.controller.ProjectBaseSceneController
2021-11-19 09:22:59,916 INFO (LogRecordAspect.java:76)- 客户端=====地址:0:0:0:0:0:0:0:1
2021-11-19 09:22:59,916 INFO (LogRecordAspect.java:77)- 请求开始===地址:http://localhost:8180/projectBaseScene/findBaseList?1&200&86&0&
2021-11-19 09:22:59,916 INFO (ControllerHelper.java:55)- userName =adminfish
2021-11-19 09:22:59,934 INFO (LogRecordAspect.java:84)- 请求结束===返回值:org.apache.shiro.web.servlet.ShiroHttpServletRequest@a57ccd0
2021-11-19 09:22:59,934 INFO (MyInterceptor.java:88)- [ProjectBaseSceneController.findBaseList] 执行耗时 : 19ms
2021-11-19 09:22:59,937 INFO (MyInterceptor.java:36)- 0:0:0:0:0:0:0:1   status: 200  path: /projectBaseScene/findBaseList
2021-11-19 09:22:59,937 INFO (LogRecordAspect.java:75)- 请求=======类型:POST com.jxctdzkj.cloudplatform.controller.ProjectBaseSceneController
2021-11-19 09:22:59,938 INFO (LogRecordAspect.java:76)- 客户端=====地址:0:0:0:0:0:0:0:1
2021-11-19 09:22:59,938 INFO (LogRecordAspect.java:77)- 请求开始===地址:http://localhost:8180/projectBaseScene/findBaseList?1&200&87&0&
2021-11-19 09:22:59,938 INFO (ControllerHelper.java:55)- userName =adminfish
2021-11-19 09:22:59,955 INFO (LogRecordAspect.java:84)- 请求结束===返回值:org.apache.shiro.web.servlet.ShiroHttpServletRequest@39442166
2021-11-19 09:22:59,956 INFO (MyInterceptor.java:88)- [ProjectBaseSceneController.findBaseList] 执行耗时 : 19ms
2021-11-19 09:22:59,981 INFO (MyInterceptor.java:36)- 0:0:0:0:0:0:0:1   status: 200  path: /img/device_item_2.png
2021-11-19 09:22:59,997 INFO (MyInterceptor.java:36)- 0:0:0:0:0:0:0:1   status: 200  path: /static/layui/lay/modules/layedit.js
2021-11-19 09:23:00,166 INFO (MyInterceptor.java:36)- 0:0:0:0:0:0:0:1   status: 200  path: /static/layui/lay/modules/laydate.js
2021-11-19 09:23:00,190 INFO (MyInterceptor.java:36)- 0:0:0:0:0:0:0:1   status: 200  path: /sysUserOrder/findNotAcceptedOrderList
2021-11-19 09:23:00,190 INFO (LogRecordAspect.java:75)- 请求=======类型:POST com.jxctdzkj.cloudplatform.controller.SysUserOrderController
2021-11-19 09:23:00,191 INFO (LogRecordAspect.java:76)- 客户端=====地址:0:0:0:0:0:0:0:1
2021-11-19 09:23:00,191 INFO (LogRecordAspect.java:77)- 请求开始===地址:http://localhost:8180/sysUserOrder/findNotAcceptedOrderList?
2021-11-19 09:23:00,193 INFO (ControllerHelper.java:55)- userName =adminfish
2021-11-19 09:23:00,197 INFO (MyInterceptor.java:36)- 0:0:0:0:0:0:0:1   status: 200  path: /static/layui/css/modules/laydate/default/laydate.css
2021-11-19 09:23:00,214 INFO (LogRecordAspect.java:84)- 请求结束===返回值:org.apache.shiro.web.servlet.ShiroHttpServletRequest@51d2dd8c
2021-11-19 09:23:00,215 INFO (MyInterceptor.java:88)- [SysUserOrderController.findNotAcceptedOrderList] 执行耗时 : 25ms
2021-11-19 09:23:03,836 INFO (MyInterceptor.java:36)- 0:0:0:0:0:0:0:1   status: 200  path: /projectBaseScene/findProjectByName
2021-11-19 09:23:03,836 INFO (MyInterceptor.java:36)- 0:0:0:0:0:0:0:1   status: 200  path: /projectBaseScene/findProjectByName
2021-11-19 09:23:03,837 INFO (LogRecordAspect.java:75)- 请求=======类型:POST com.jxctdzkj.cloudplatform.controller.ProjectBaseSceneController
2021-11-19 09:23:03,837 INFO (LogRecordAspect.java:75)- 请求=======类型:POST com.jxctdzkj.cloudplatform.controller.ProjectBaseSceneController
2021-11-19 09:23:03,838 INFO (LogRecordAspect.java:76)- 客户端=====地址:0:0:0:0:0:0:0:1
2021-11-19 09:23:03,838 INFO (LogRecordAspect.java:76)- 客户端=====地址:0:0:0:0:0:0:0:1
2021-11-19 09:23:03,838 INFO (LogRecordAspect.java:77)- 请求开始===地址:http://localhost:8180/projectBaseScene/findProjectByName?冷库111&
2021-11-19 09:23:03,838 INFO (LogRecordAspect.java:77)- 请求开始===地址:http://localhost:8180/projectBaseScene/findProjectByName?冷库111&
2021-11-19 09:23:03,848 INFO (LogRecordAspect.java:84)- 请求结束===返回值:org.apache.shiro.web.servlet.ShiroHttpServletRequest@5083e81f
2021-11-19 09:23:03,849 INFO (LogRecordAspect.java:84)- 请求结束===返回值:org.apache.shiro.web.servlet.ShiroHttpServletRequest@29bfab8d
2021-11-19 09:23:03,850 INFO (MyInterceptor.java:88)- [ProjectBaseSceneController.findProjectByName] 执行耗时 : 14ms
2021-11-19 09:23:03,850 INFO (MyInterceptor.java:88)- [ProjectBaseSceneController.findProjectByName] 执行耗时 : 14ms
2021-11-19 09:23:03,856 INFO (MyInterceptor.java:36)- 0:0:0:0:0:0:0:1   status: 200  path: /expertManage/findDeviceListById
2021-11-19 09:23:03,856 INFO (MyInterceptor.java:36)- 0:0:0:0:0:0:0:1   status: 200  path: /expertManage/findDeviceByProjectWebsite
2021-11-19 09:23:03,856 INFO (LogRecordAspect.java:75)- 请求=======类型:POST com.jxctdzkj.cloudplatform.controller.ExpertManageController
2021-11-19 09:23:03,856 INFO (LogRecordAspect.java:76)- 客户端=====地址:0:0:0:0:0:0:0:1
2021-11-19 09:23:03,856 INFO (LogRecordAspect.java:77)- 请求开始===地址:http://localhost:8180/expertManage/findDeviceListById?0300202100001478&
2021-11-19 09:23:03,856 INFO (LogRecordAspect.java:75)- 请求=======类型:POST com.jxctdzkj.cloudplatform.controller.ExpertManageController
2021-11-19 09:23:03,856 INFO (LogRecordAspect.java:76)- 客户端=====地址:0:0:0:0:0:0:0:1
2021-11-19 09:23:03,856 INFO (LogRecordAspect.java:77)- 请求开始===地址:http://localhost:8180/expertManage/findDeviceByProjectWebsite?0300202100001478，0300202100001502，0300202100001513&
2021-11-19 09:23:07,043 INFO (LogRecordAspect.java:84)- 请求结束===返回值:org.apache.shiro.web.servlet.ShiroHttpServletRequest@4094444b
2021-11-19 09:23:07,045 INFO (MyInterceptor.java:85)- [com.jxctdzkj.cloudplatform.controller.ExpertManageController.findDeviceListById] 执行耗时 : 3189ms
2021-11-19 09:23:08,696 INFO (LogRecordAspect.java:84)- 请求结束===返回值:org.apache.shiro.web.servlet.ShiroHttpServletRequest@93e70f1
2021-11-19 09:23:08,697 INFO (MyInterceptor.java:85)- [com.jxctdzkj.cloudplatform.controller.ExpertManageController.findDeviceByProjectWebsite] 执行耗时 : 4841ms
2021-11-19 09:23:08,704 INFO (MyInterceptor.java:36)- 0:0:0:0:0:0:0:1   status: 200  path: /static/img/agriculture/marker.png
2021-11-19 09:23:40,063 INFO (MyInterceptor.java:36)- 0:0:0:0:0:0:0:1   status: 200  path: /static/img/agriculture/tcbg.png
2021-11-19 09:24:56,143 INFO (LogRecordAspect.java:75)- 请求=======类型:GET com.jxctdzkj.cloudplatform.controller.IndexController
2021-11-19 09:24:56,143 INFO (LogRecordAspect.java:76)- 客户端=====地址:0:0:0:0:0:0:0:1
2021-11-19 09:24:56,143 INFO (LogRecordAspect.java:77)- 请求开始===地址:http://localhost:8180/index?null
2021-11-19 09:24:56,143 INFO (ControllerHelper.java:74)- userName =adminfish
2021-11-19 09:24:56,227 INFO (LogRecordAspect.java:84)- 请求结束===返回值:org.apache.shiro.web.servlet.ShiroHttpServletRequest@47d791ef
2021-11-19 09:24:56,260 INFO (MyInterceptor.java:36)- 0:0:0:0:0:0:0:1   status: 200  path: /agriculture/agricultureIndex
2021-11-19 09:24:56,260 INFO (LogRecordAspect.java:75)- 请求=======类型:GET com.jxctdzkj.cloudplatform.controller.AgricultureController
2021-11-19 09:24:56,260 INFO (LogRecordAspect.java:76)- 客户端=====地址:0:0:0:0:0:0:0:1
2021-11-19 09:24:56,260 INFO (LogRecordAspect.java:77)- 请求开始===地址:http://localhost:8180/agriculture/agricultureIndex?
2021-11-19 09:24:56,260 INFO (LogRecordAspect.java:84)- 请求结束===返回值:org.apache.shiro.web.servlet.ShiroHttpServletRequest@164be25d
2021-11-19 09:24:56,261 INFO (MyInterceptor.java:88)- [AgricultureController.agricultureIndex] 执行耗时 : 1ms
2021-11-19 09:24:56,272 INFO (MyInterceptor.java:36)- 0:0:0:0:0:0:0:1   status: 200  path: /static/i18n/zh-CN/zh.properties
2021-11-19 09:24:56,310 INFO (MyInterceptor.java:36)- 0:0:0:0:0:0:0:1   status: 200  path: /user/selUserDetails
2021-11-19 09:24:56,310 INFO (LogRecordAspect.java:75)- 请求=======类型:POST com.jxctdzkj.cloudplatform.controller.UserController
2021-11-19 09:24:56,311 INFO (LogRecordAspect.java:76)- 客户端=====地址:0:0:0:0:0:0:0:1
2021-11-19 09:24:56,311 INFO (LogRecordAspect.java:77)- 请求开始===地址:http://localhost:8180/user/selUserDetails?
2021-11-19 09:24:56,311 INFO (ControllerHelper.java:74)- userName =adminfish
2021-11-19 09:24:56,332 INFO (LogRecordAspect.java:84)- 请求结束===返回值:org.apache.shiro.web.servlet.ShiroHttpServletRequest@3f00f6be
2021-11-19 09:24:56,333 INFO (MyInterceptor.java:88)- [UserController.selSubUserList] 执行耗时 : 23ms
2021-11-19 09:24:56,405 INFO (MyInterceptor.java:36)- 0:0:0:0:0:0:0:1   status: 200  path: /static/i18n/zh-CN/zh.properties
2021-11-19 09:24:56,423 INFO (MyInterceptor.java:36)- 0:0:0:0:0:0:0:1   status: 200  path: /projectBaseScene/findEntperpriseList
2021-11-19 09:24:56,423 INFO (LogRecordAspect.java:75)- 请求=======类型:POST com.jxctdzkj.cloudplatform.controller.ProjectBaseSceneController
2021-11-19 09:24:56,423 INFO (MyInterceptor.java:36)- 0:0:0:0:0:0:0:1   status: 200  path: /expertManage/findDiseaseList
2021-11-19 09:24:56,423 INFO (LogRecordAspect.java:76)- 客户端=====地址:0:0:0:0:0:0:0:1
2021-11-19 09:24:56,423 INFO (LogRecordAspect.java:77)- 请求开始===地址:http://localhost:8180/projectBaseScene/findEntperpriseList?1&200&
2021-11-19 09:24:56,424 INFO (ControllerHelper.java:55)- userName =adminfish
2021-11-19 09:24:56,424 INFO (LogRecordAspect.java:75)- 请求=======类型:POST com.jxctdzkj.cloudplatform.controller.ExpertManageController
2021-11-19 09:24:56,424 INFO (LogRecordAspect.java:76)- 客户端=====地址:0:0:0:0:0:0:0:1
2021-11-19 09:24:56,424 INFO (LogRecordAspect.java:77)- 请求开始===地址:http://localhost:8180/expertManage/findDiseaseList?2&0&0&50&&
2021-11-19 09:24:56,451 INFO (MyInterceptor.java:36)- 0:0:0:0:0:0:0:1   status: 200  path: /projectBaseScene/findEntperpriseList
2021-11-19 09:24:56,451 INFO (LogRecordAspect.java:75)- 请求=======类型:POST com.jxctdzkj.cloudplatform.controller.ProjectBaseSceneController
2021-11-19 09:24:56,452 INFO (LogRecordAspect.java:76)- 客户端=====地址:0:0:0:0:0:0:0:1
2021-11-19 09:24:56,452 INFO (LogRecordAspect.java:77)- 请求开始===地址:http://localhost:8180/projectBaseScene/findEntperpriseList?1&200&
2021-11-19 09:24:56,452 INFO (ControllerHelper.java:55)- userName =adminfish
2021-11-19 09:24:56,453 INFO (LogRecordAspect.java:84)- 请求结束===返回值:org.apache.shiro.web.servlet.ShiroHttpServletRequest@35f2ea0d
2021-11-19 09:24:56,454 INFO (MyInterceptor.java:88)- [ProjectBaseSceneController.findEntperpriseList] 执行耗时 : 31ms
2021-11-19 09:24:56,469 INFO (MyInterceptor.java:36)- 0:0:0:0:0:0:0:1   status: 200  path: /projectBaseScene/listBases
2021-11-19 09:24:56,469 INFO (LogRecordAspect.java:75)- 请求=======类型:POST com.jxctdzkj.cloudplatform.controller.ProjectBaseSceneController
2021-11-19 09:24:56,469 INFO (LogRecordAspect.java:76)- 客户端=====地址:0:0:0:0:0:0:0:1
2021-11-19 09:24:56,469 INFO (LogRecordAspect.java:77)- 请求开始===地址:http://localhost:8180/projectBaseScene/listBases?1&100&
2021-11-19 09:24:56,470 INFO (ControllerHelper.java:55)- userName =adminfish
2021-11-19 09:24:56,478 INFO (LogRecordAspect.java:84)- 请求结束===返回值:org.apache.shiro.web.servlet.ShiroHttpServletRequest@641f2924
2021-11-19 09:24:56,478 INFO (MyInterceptor.java:88)- [ProjectBaseSceneController.findEntperpriseList] 执行耗时 : 27ms
2021-11-19 09:24:56,489 INFO (LogRecordAspect.java:84)- 请求结束===返回值:org.apache.shiro.web.servlet.ShiroHttpServletRequest@4936e1a3
2021-11-19 09:24:56,490 INFO (MyInterceptor.java:88)- [ProjectBaseSceneController.listBases] 执行耗时 : 21ms
2021-11-19 09:24:56,521 INFO (MyInterceptor.java:36)- 0:0:0:0:0:0:0:1   status: 200  path: /projectBaseScene/findProjectByEntperpriseId
2021-11-19 09:24:56,521 INFO (LogRecordAspect.java:75)- 请求=======类型:POST com.jxctdzkj.cloudplatform.controller.ProjectBaseSceneController
2021-11-19 09:24:56,521 INFO (LogRecordAspect.java:76)- 客户端=====地址:0:0:0:0:0:0:0:1
2021-11-19 09:24:56,521 INFO (LogRecordAspect.java:77)- 请求开始===地址:http://localhost:8180/projectBaseScene/findProjectByEntperpriseId?62&
2021-11-19 09:24:56,525 INFO (MyInterceptor.java:36)- 0:0:0:0:0:0:0:1   status: 200  path: /projectBaseScene/findProjectList
2021-11-19 09:24:56,526 INFO (LogRecordAspect.java:75)- 请求=======类型:POST com.jxctdzkj.cloudplatform.controller.ProjectBaseSceneController
2021-11-19 09:24:56,526 INFO (LogRecordAspect.java:76)- 客户端=====地址:0:0:0:0:0:0:0:1
2021-11-19 09:24:56,526 INFO (LogRecordAspect.java:77)- 请求开始===地址:http://localhost:8180/projectBaseScene/findProjectList?1&200&62&0&
2021-11-19 09:24:56,526 INFO (ControllerHelper.java:55)- userName =adminfish
2021-11-19 09:24:56,532 INFO (LogRecordAspect.java:84)- 请求结束===返回值:org.apache.shiro.web.servlet.ShiroHttpServletRequest@600b2991
2021-11-19 09:24:56,532 INFO (MyInterceptor.java:88)- [ProjectBaseSceneController.findProjectByEntperpriseId] 执行耗时 : 11ms
2021-11-19 09:24:56,548 INFO (LogRecordAspect.java:84)- 请求结束===返回值:org.apache.shiro.web.servlet.ShiroHttpServletRequest@7042fc90
2021-11-19 09:24:56,550 INFO (MyInterceptor.java:88)- [ProjectBaseSceneController.findProjectList] 执行耗时 : 25ms
2021-11-19 09:24:56,553 INFO (MyInterceptor.java:36)- 0:0:0:0:0:0:0:1   status: 200  path: /projectBaseScene/findBaseList
2021-11-19 09:24:56,553 INFO (MyInterceptor.java:36)- 0:0:0:0:0:0:0:1   status: 200  path: /projectBaseScene/findBaseList
2021-11-19 09:24:56,553 INFO (LogRecordAspect.java:75)- 请求=======类型:POST com.jxctdzkj.cloudplatform.controller.ProjectBaseSceneController
2021-11-19 09:24:56,554 INFO (LogRecordAspect.java:76)- 客户端=====地址:0:0:0:0:0:0:0:1
2021-11-19 09:24:56,554 INFO (LogRecordAspect.java:77)- 请求开始===地址:http://localhost:8180/projectBaseScene/findBaseList?1&200&84&0&
2021-11-19 09:24:56,554 INFO (LogRecordAspect.java:75)- 请求=======类型:POST com.jxctdzkj.cloudplatform.controller.ProjectBaseSceneController
2021-11-19 09:24:56,554 INFO (LogRecordAspect.java:76)- 客户端=====地址:0:0:0:0:0:0:0:1
2021-11-19 09:24:56,554 INFO (ControllerHelper.java:55)- userName =adminfish
2021-11-19 09:24:56,554 INFO (LogRecordAspect.java:77)- 请求开始===地址:http://localhost:8180/projectBaseScene/findBaseList?1&200&85&0&
2021-11-19 09:24:56,554 INFO (ControllerHelper.java:55)- userName =adminfish
2021-11-19 09:24:56,555 INFO (MyInterceptor.java:36)- 0:0:0:0:0:0:0:1   status: 200  path: /projectBaseScene/findBaseList
2021-11-19 09:24:56,555 INFO (MyInterceptor.java:36)- 0:0:0:0:0:0:0:1   status: 200  path: /projectBaseScene/findBaseList
2021-11-19 09:24:56,555 INFO (MyInterceptor.java:36)- 0:0:0:0:0:0:0:1   status: 200  path: /projectBaseScene/findBaseList
2021-11-19 09:24:56,555 INFO (LogRecordAspect.java:75)- 请求=======类型:POST com.jxctdzkj.cloudplatform.controller.ProjectBaseSceneController
2021-11-19 09:24:56,555 INFO (LogRecordAspect.java:75)- 请求=======类型:POST com.jxctdzkj.cloudplatform.controller.ProjectBaseSceneController
2021-11-19 09:24:56,555 INFO (LogRecordAspect.java:75)- 请求=======类型:POST com.jxctdzkj.cloudplatform.controller.ProjectBaseSceneController
2021-11-19 09:24:56,556 INFO (LogRecordAspect.java:76)- 客户端=====地址:0:0:0:0:0:0:0:1
2021-11-19 09:24:56,556 INFO (LogRecordAspect.java:76)- 客户端=====地址:0:0:0:0:0:0:0:1
2021-11-19 09:24:56,556 INFO (LogRecordAspect.java:76)- 客户端=====地址:0:0:0:0:0:0:0:1
2021-11-19 09:24:56,556 INFO (LogRecordAspect.java:77)- 请求开始===地址:http://localhost:8180/projectBaseScene/findBaseList?1&200&84&0&
2021-11-19 09:24:56,556 INFO (LogRecordAspect.java:77)- 请求开始===地址:http://localhost:8180/projectBaseScene/findBaseList?1&200&87&0&
2021-11-19 09:24:56,556 INFO (LogRecordAspect.java:77)- 请求开始===地址:http://localhost:8180/projectBaseScene/findBaseList?1&200&86&0&
2021-11-19 09:24:56,556 INFO (ControllerHelper.java:55)- userName =adminfish
2021-11-19 09:24:56,556 INFO (ControllerHelper.java:55)- userName =adminfish
2021-11-19 09:24:56,556 INFO (ControllerHelper.java:55)- userName =adminfish
2021-11-19 09:24:56,568 INFO (LogRecordAspect.java:84)- 请求结束===返回值:org.apache.shiro.web.servlet.ShiroHttpServletRequest@6a5d9080
2021-11-19 09:24:56,569 INFO (MyInterceptor.java:88)- [ExpertManageController.findDiseaseList] 执行耗时 : 146ms
2021-11-19 09:24:56,572 INFO (LogRecordAspect.java:84)- 请求结束===返回值:org.apache.shiro.web.servlet.ShiroHttpServletRequest@7f4bb654
2021-11-19 09:24:56,573 INFO (MyInterceptor.java:88)- [ProjectBaseSceneController.findBaseList] 执行耗时 : 20ms
2021-11-19 09:24:56,573 INFO (LogRecordAspect.java:84)- 请求结束===返回值:org.apache.shiro.web.servlet.ShiroHttpServletRequest@4172296c
2021-11-19 09:24:56,573 INFO (LogRecordAspect.java:84)- 请求结束===返回值:org.apache.shiro.web.servlet.ShiroHttpServletRequest@441017ce
2021-11-19 09:24:56,573 INFO (LogRecordAspect.java:84)- 请求结束===返回值:org.apache.shiro.web.servlet.ShiroHttpServletRequest@2103ecf7
2021-11-19 09:24:56,574 INFO (MyInterceptor.java:88)- [ProjectBaseSceneController.findBaseList] 执行耗时 : 19ms
2021-11-19 09:24:56,574 INFO (MyInterceptor.java:88)- [ProjectBaseSceneController.findBaseList] 执行耗时 : 19ms
2021-11-19 09:24:56,574 INFO (MyInterceptor.java:88)- [ProjectBaseSceneController.findBaseList] 执行耗时 : 21ms
2021-11-19 09:24:56,575 INFO (LogRecordAspect.java:84)- 请求结束===返回值:org.apache.shiro.web.servlet.ShiroHttpServletRequest@25a1ba1
2021-11-19 09:24:56,576 INFO (MyInterceptor.java:88)- [ProjectBaseSceneController.findBaseList] 执行耗时 : 21ms
2021-11-19 09:24:56,578 INFO (MyInterceptor.java:36)- 0:0:0:0:0:0:0:1   status: 200  path: /projectBaseScene/findBaseList
2021-11-19 09:24:56,579 INFO (LogRecordAspect.java:75)- 请求=======类型:POST com.jxctdzkj.cloudplatform.controller.ProjectBaseSceneController
2021-11-19 09:24:56,579 INFO (LogRecordAspect.java:76)- 客户端=====地址:0:0:0:0:0:0:0:1
2021-11-19 09:24:56,579 INFO (LogRecordAspect.java:77)- 请求开始===地址:http://localhost:8180/projectBaseScene/findBaseList?1&200&85&0&
2021-11-19 09:24:56,579 INFO (ControllerHelper.java:55)- userName =adminfish
2021-11-19 09:24:56,597 INFO (LogRecordAspect.java:84)- 请求结束===返回值:org.apache.shiro.web.servlet.ShiroHttpServletRequest@11095a69
2021-11-19 09:24:56,597 INFO (MyInterceptor.java:88)- [ProjectBaseSceneController.findBaseList] 执行耗时 : 19ms
2021-11-19 09:24:56,600 INFO (MyInterceptor.java:36)- 0:0:0:0:0:0:0:1   status: 200  path: /projectBaseScene/findBaseList
2021-11-19 09:24:56,600 INFO (LogRecordAspect.java:75)- 请求=======类型:POST com.jxctdzkj.cloudplatform.controller.ProjectBaseSceneController
2021-11-19 09:24:56,600 INFO (LogRecordAspect.java:76)- 客户端=====地址:0:0:0:0:0:0:0:1
2021-11-19 09:24:56,600 INFO (LogRecordAspect.java:77)- 请求开始===地址:http://localhost:8180/projectBaseScene/findBaseList?1&200&86&0&
2021-11-19 09:24:56,600 INFO (ControllerHelper.java:55)- userName =adminfish
2021-11-19 09:24:56,631 INFO (LogRecordAspect.java:84)- 请求结束===返回值:org.apache.shiro.web.servlet.ShiroHttpServletRequest@9877c2d
2021-11-19 09:24:56,632 INFO (MyInterceptor.java:88)- [ProjectBaseSceneController.findBaseList] 执行耗时 : 32ms
2021-11-19 09:24:56,636 INFO (MyInterceptor.java:36)- 0:0:0:0:0:0:0:1   status: 200  path: /projectBaseScene/findBaseList
2021-11-19 09:24:56,636 INFO (LogRecordAspect.java:75)- 请求=======类型:POST com.jxctdzkj.cloudplatform.controller.ProjectBaseSceneController
2021-11-19 09:24:56,637 INFO (LogRecordAspect.java:76)- 客户端=====地址:0:0:0:0:0:0:0:1
2021-11-19 09:24:56,637 INFO (LogRecordAspect.java:77)- 请求开始===地址:http://localhost:8180/projectBaseScene/findBaseList?1&200&87&0&
2021-11-19 09:24:56,637 INFO (ControllerHelper.java:55)- userName =adminfish
2021-11-19 09:24:56,663 INFO (LogRecordAspect.java:84)- 请求结束===返回值:org.apache.shiro.web.servlet.ShiroHttpServletRequest@7ae6b359
2021-11-19 09:24:56,663 INFO (MyInterceptor.java:88)- [ProjectBaseSceneController.findBaseList] 执行耗时 : 27ms
2021-11-19 09:24:56,788 INFO (MyInterceptor.java:36)- 0:0:0:0:0:0:0:1   status: 200  path: /sysUserOrder/findNotAcceptedOrderList
2021-11-19 09:24:56,789 INFO (LogRecordAspect.java:75)- 请求=======类型:POST com.jxctdzkj.cloudplatform.controller.SysUserOrderController
2021-11-19 09:24:56,789 INFO (LogRecordAspect.java:76)- 客户端=====地址:0:0:0:0:0:0:0:1
2021-11-19 09:24:56,789 INFO (LogRecordAspect.java:77)- 请求开始===地址:http://localhost:8180/sysUserOrder/findNotAcceptedOrderList?
2021-11-19 09:24:56,789 INFO (ControllerHelper.java:55)- userName =adminfish
2021-11-19 09:24:56,808 INFO (LogRecordAspect.java:84)- 请求结束===返回值:org.apache.shiro.web.servlet.ShiroHttpServletRequest@56267306
2021-11-19 09:24:56,809 INFO (MyInterceptor.java:88)- [SysUserOrderController.findNotAcceptedOrderList] 执行耗时 : 21ms
2021-11-19 09:24:56,953 INFO (MyInterceptor.java:36)- 0:0:0:0:0:0:0:1   status: 200  path: /static/img/favicon.png
2021-11-19 09:25:00,067 INFO (MyInterceptor.java:36)- 0:0:0:0:0:0:0:1   status: 200  path: /static/js/agriculture/swiper.min.js.map
2021-11-19 09:25:00,075 INFO (MyInterceptor.java:36)- 0:0:0:0:0:0:0:1   status: 404  path: /error
2021-11-19 09:25:00,077 INFO (MyInterceptor.java:88)- [BasicErrorController.error] 执行耗时 : 2ms
2021-11-19 09:27:35,876 INFO (MyInterceptor.java:36)- 0:0:0:0:0:0:0:1   status: 200  path: /static/img/agriculture/farmerPhoto.jpg
2021-11-19 09:43:02,335 INFO (StartupInfoLogger.java:50)- Starting CloudplatformApplication on LAPTOP-024QQD7A with PID 2436 (D:\workspacefour\wlwpro\CloudPlatform_ZF\target\classes started by sunyue in D:\workspacefour\wlwpro\CloudPlatform_ZF)
2021-11-19 09:43:02,337 DEBUG (StartupInfoLogger.java:53)- Running with Spring Boot v2.1.3.RELEASE, Spring v5.1.5.RELEASE
2021-11-19 09:43:02,338 INFO (SpringApplication.java:675)- No active profile set, falling back to default profiles: default
2021-11-19 09:43:03,315 INFO (ShiroConfiguration.java:57)- lifecycleBeanPostProcessor
2021-11-19 09:43:03,339 INFO (ShiroConfiguration.java:150)- ShiroConfigration.getShiroFilterFactoryBean()
2021-11-19 09:43:03,631 INFO (ShiroConfiguration.java:99)- lifecycleBeanPostProcessor  ShiroRealm
2021-11-19 09:43:09,396 INFO (MyWebMvcConfigurerAdapter.java:53)- addInterceptors  添加拦截规则
2021-11-19 09:43:09,506 INFO (MyWebMvcConfigurerAdapter.java:41)- addViewControllers
2021-11-19 09:43:09,520 INFO (MyWebMvcConfigurerAdapter.java:28)- addResourceHandlers
2021-11-19 09:43:10,150 INFO (StartupInfoLogger.java:59)- Started CloudplatformApplication in 8.103 seconds (JVM running for 9.391)
2021-11-19 09:43:13,462 INFO (LogRecordAspect.java:75)- 请求=======类型:GET com.jxctdzkj.cloudplatform.controller.IndexController
2021-11-19 09:43:13,463 INFO (LogRecordAspect.java:76)- 客户端=====地址:0:0:0:0:0:0:0:1
2021-11-19 09:43:13,464 INFO (LogRecordAspect.java:77)- 请求开始===地址:http://localhost:8180/index?null
2021-11-19 09:43:13,474 INFO (ControllerHelper.java:74)- userName =
2021-11-19 09:43:13,476 INFO (LogRecordAspect.java:84)- 请求结束===返回值:org.apache.shiro.web.servlet.ShiroHttpServletRequest@1d23b309
2021-11-19 09:43:14,106 INFO (MyInterceptor.java:36)- 0:0:0:0:0:0:0:1   status: 200  path: /static/css/demo.css
2021-11-19 09:43:14,106 INFO (MyInterceptor.java:36)- 0:0:0:0:0:0:0:1   status: 200  path: /static/css/normalize.css
2021-11-19 09:43:14,106 INFO (MyInterceptor.java:36)- 0:0:0:0:0:0:0:1   status: 200  path: /static/css/indexCss/indexsubject1.css
2021-11-19 09:43:14,106 INFO (MyInterceptor.java:36)- 0:0:0:0:0:0:0:1   status: 200  path: /static/css/component.css
2021-11-19 09:43:14,106 INFO (MyInterceptor.java:36)- 0:0:0:0:0:0:0:1   status: 200  path: /static/layui/css/layui.css
2021-11-19 09:43:14,106 INFO (MyInterceptor.java:36)- 0:0:0:0:0:0:0:1   status: 200  path: /static/css/input.css
2021-11-19 09:43:14,130 INFO (MyInterceptor.java:36)- 0:0:0:0:0:0:0:1   status: 200  path: /static/js/html5.js
2021-11-19 09:43:14,131 INFO (MyInterceptor.java:36)- 0:0:0:0:0:0:0:1   status: 200  path: /static/layui/layui.js
2021-11-19 09:43:14,132 INFO (MyInterceptor.java:36)- 0:0:0:0:0:0:0:1   status: 200  path: /static/js/jquery.min.js
2021-11-19 09:43:14,132 INFO (MyInterceptor.java:36)- 0:0:0:0:0:0:0:1   status: 200  path: /static/js/EasePack.min.js
2021-11-19 09:43:14,140 INFO (MyInterceptor.java:36)- 0:0:0:0:0:0:0:1   status: 200  path: /static/js/TweenLite.min.js
2021-11-19 09:43:14,147 INFO (MyInterceptor.java:36)- 0:0:0:0:0:0:0:1   status: 200  path: /static/js/rAF.js
2021-11-19 09:43:14,151 INFO (MyInterceptor.java:36)- 0:0:0:0:0:0:0:1   status: 200  path: /static/js/demo-1.js
2021-11-19 09:43:14,152 INFO (MyInterceptor.java:36)- 0:0:0:0:0:0:0:1   status: 200  path: /static/i18n/jquery.i18n.properties.js
2021-11-19 09:43:14,164 INFO (MyInterceptor.java:36)- 0:0:0:0:0:0:0:1   status: 200  path: /static/js/common.js
2021-11-19 09:43:14,168 INFO (MyInterceptor.java:36)- 0:0:0:0:0:0:0:1   status: 200  path: /static/js/login.js
2021-11-19 09:43:14,183 INFO (MyInterceptor.java:36)- 0:0:0:0:0:0:0:1   status: 200  path: /static/img/login_ico.png
2021-11-19 09:43:14,183 INFO (MyInterceptor.java:36)- 0:0:0:0:0:0:0:1   status: 200  path: /static/img/demo-1-bg.png
2021-11-19 09:43:14,270 INFO (MyInterceptor.java:36)- 0:0:0:0:0:0:0:1   status: 200  path: /static/i18n/zh-CN/zh.properties
2021-11-19 09:43:14,310 INFO (MyInterceptor.java:36)- 0:0:0:0:0:0:0:1   status: 200  path: /static/layui/lay/modules/layer.js
2021-11-19 09:43:14,314 INFO (MyInterceptor.java:36)- 0:0:0:0:0:0:0:1   status: 200  path: /static/img/favicon.png
2021-11-19 09:43:14,361 INFO (MyInterceptor.java:36)- 0:0:0:0:0:0:0:1   status: 200  path: /static/layui/css/modules/layer/default/layer.css
2021-11-19 09:43:14,365 INFO (MyInterceptor.java:36)- 0:0:0:0:0:0:0:1   status: 200  path: /static/layui/lay/modules/form.js
2021-11-19 09:43:14,372 INFO (MyInterceptor.java:36)- 0:0:0:0:0:0:0:1   status: 200  path: /static/img/demo-1-bg.png
2021-11-19 09:43:18,020 INFO (MyInterceptor.java:36)- 0:0:0:0:0:0:0:1   status: 200  path: /static/layui/css/modules/layer/default/loading-2.gif
2021-11-19 09:43:18,024 INFO (MyInterceptor.java:36)- 0:0:0:0:0:0:0:1   status: 200  path: /index/login
2021-11-19 09:43:18,032 INFO (LogRecordAspect.java:75)- 请求=======类型:POST com.jxctdzkj.cloudplatform.controller.IndexController
2021-11-19 09:43:18,033 INFO (LogRecordAspect.java:76)- 客户端=====地址:0:0:0:0:0:0:0:1
2021-11-19 09:43:18,033 INFO (LogRecordAspect.java:77)- 请求开始===地址:http://localhost:8180/index/login?adminfish&123456&
2021-11-19 09:43:18,035 INFO (LoginServiceImpl.java:72)- token =org.apache.shiro.authc.UsernamePasswordToken - adminfish, rememberMe=false
2021-11-19 09:43:18,035 INFO (ShiroRealm.java:78)- 验证 doGetAuthenticationInfo AuthenticationToken =org.apache.shiro.authc.UsernamePasswordToken - adminfish, rememberMe=false
2021-11-19 09:43:18,066 INFO (ShiroRealm.java:85)- loginUser = SysUser{id='2391', userName='adminfish', email='null', lastLoginTime=2021-11-19 09:40:46.0, creatTime=2021-02-01 20:53:45.0, password='e10adc3949ba59abbe56e057f20f883e', realName='null', level=1, tel='15726663207', role='12', areaCode='371000XPTYH', channel='null', userCode='371000XPTYH', parentUser='a00002', faceCode='1001'}
2021-11-19 09:43:18,081 INFO (LoginServiceImpl.java:124)- 设置用户session
2021-11-19 09:43:18,082 INFO (ControllerHelper.java:74)- userName =adminfish
2021-11-19 09:43:18,082 INFO (LoginServiceImpl.java:125)- 用户session ：adminfish
2021-11-19 09:43:18,120 INFO (LogRecordAspect.java:84)- 请求结束===返回值:org.apache.shiro.web.servlet.ShiroHttpServletRequest@20bdb88c
2021-11-19 09:43:18,165 INFO (MyInterceptor.java:88)- [IndexController.login] 执行耗时 : 141ms
2021-11-19 09:43:18,171 INFO (LogRecordAspect.java:75)- 请求=======类型:GET com.jxctdzkj.cloudplatform.controller.IndexController
2021-11-19 09:43:18,171 INFO (LogRecordAspect.java:76)- 客户端=====地址:0:0:0:0:0:0:0:1
2021-11-19 09:43:18,171 INFO (LogRecordAspect.java:77)- 请求开始===地址:http://localhost:8180/index?null
2021-11-19 09:43:18,172 INFO (ControllerHelper.java:74)- userName =adminfish
2021-11-19 09:43:18,270 INFO (LogRecordAspect.java:84)- 请求结束===返回值:org.apache.shiro.web.servlet.ShiroHttpServletRequest@515ac0f2
2021-11-19 09:43:18,334 INFO (MyInterceptor.java:36)- 0:0:0:0:0:0:0:1   status: 200  path: /static/layui/css/layui.css
2021-11-19 09:43:18,337 INFO (MyInterceptor.java:36)- 0:0:0:0:0:0:0:1   status: 200  path: /static/css/admin.css
2021-11-19 09:43:18,337 INFO (MyInterceptor.java:36)- 0:0:0:0:0:0:0:1   status: 200  path: /static/layui/myicon/iconfont.css
2021-11-19 09:43:18,338 INFO (MyInterceptor.java:36)- 0:0:0:0:0:0:0:1   status: 200  path: /static/tost/src/jquery.toast.css
2021-11-19 09:43:18,338 INFO (MyInterceptor.java:36)- 0:0:0:0:0:0:0:1   status: 200  path: /static/layui/css/modules/layer/default/layer.css
2021-11-19 09:43:18,340 INFO (MyInterceptor.java:36)- 0:0:0:0:0:0:0:1   status: 200  path: /static/css/agriculture/swiper.min.css
2021-11-19 09:43:18,353 INFO (MyInterceptor.java:36)- 0:0:0:0:0:0:0:1   status: 200  path: /static/js/common.js
2021-11-19 09:43:18,353 INFO (MyInterceptor.java:36)- 0:0:0:0:0:0:0:1   status: 200  path: /agriculture/agricultureIndex
2021-11-19 09:43:18,354 INFO (LogRecordAspect.java:75)- 请求=======类型:GET com.jxctdzkj.cloudplatform.controller.AgricultureController
2021-11-19 09:43:18,354 INFO (LogRecordAspect.java:76)- 客户端=====地址:0:0:0:0:0:0:0:1
2021-11-19 09:43:18,354 INFO (MyInterceptor.java:36)- 0:0:0:0:0:0:0:1   status: 200  path: /static/i18n/jquery.i18n.properties.js
2021-11-19 09:43:18,354 INFO (MyInterceptor.java:36)- 0:0:0:0:0:0:0:1   status: 200  path: /static/js/jquery.min.js
2021-11-19 09:43:18,354 INFO (LogRecordAspect.java:77)- 请求开始===地址:http://localhost:8180/agriculture/agricultureIndex?
2021-11-19 09:43:18,358 INFO (LogRecordAspect.java:84)- 请求结束===返回值:org.apache.shiro.web.servlet.ShiroHttpServletRequest@17dcd4f3
2021-11-19 09:43:18,358 INFO (MyInterceptor.java:88)- [AgricultureController.agricultureIndex] 执行耗时 : 5ms
2021-11-19 09:43:18,360 INFO (MyInterceptor.java:36)- 0:0:0:0:0:0:0:1   status: 200  path: /static/js/topic.js
2021-11-19 09:43:18,360 INFO (MyInterceptor.java:36)- 0:0:0:0:0:0:0:1   status: 200  path: /static/layui/layui.js
2021-11-19 09:43:18,370 INFO (MyInterceptor.java:36)- 0:0:0:0:0:0:0:1   status: 200  path: /static/js/jquery.nicescroll.js
2021-11-19 09:43:18,370 INFO (MyInterceptor.java:36)- 0:0:0:0:0:0:0:1   status: 200  path: /static/js/socket.js
2021-11-19 09:43:18,384 INFO (MyInterceptor.java:36)- 0:0:0:0:0:0:0:1   status: 200  path: /static/js/agriculture/swiper.min.js
2021-11-19 09:43:18,393 INFO (MyInterceptor.java:36)- 0:0:0:0:0:0:0:1   status: 200  path: /tost/src/jquery.toast.js
2021-11-19 09:43:18,394 INFO (MyInterceptor.java:36)- 0:0:0:0:0:0:0:1   status: 200  path: /static/img/agriculture/next.png
2021-11-19 09:43:18,406 INFO (MyInterceptor.java:36)- 0:0:0:0:0:0:0:1   status: 200  path: /static/img/agriculture/prev.png
2021-11-19 09:43:18,421 INFO (MyInterceptor.java:36)- 0:0:0:0:0:0:0:1   status: 200  path: /sound/alarm.mp3
2021-11-19 09:43:18,440 INFO (MyInterceptor.java:36)- 0:0:0:0:0:0:0:1   status: 200  path: /static/i18n/zh-CN/zh.properties
2021-11-19 09:43:18,497 INFO (MyInterceptor.java:36)- 0:0:0:0:0:0:0:1   status: 200  path: /user/selUserDetails
2021-11-19 09:43:18,498 INFO (LogRecordAspect.java:75)- 请求=======类型:POST com.jxctdzkj.cloudplatform.controller.UserController
2021-11-19 09:43:18,498 INFO (LogRecordAspect.java:76)- 客户端=====地址:0:0:0:0:0:0:0:1
2021-11-19 09:43:18,499 INFO (LogRecordAspect.java:77)- 请求开始===地址:http://localhost:8180/user/selUserDetails?
2021-11-19 09:43:18,501 INFO (MyInterceptor.java:36)- 0:0:0:0:0:0:0:1   status: 200  path: /static/js/agriculture/swiper.min.js.map
2021-11-19 09:43:18,503 INFO (ControllerHelper.java:74)- userName =adminfish
2021-11-19 09:43:18,506 INFO (MyInterceptor.java:36)- 0:0:0:0:0:0:0:1   status: 200  path: /static/layui/lay/modules/element.js
2021-11-19 09:43:18,510 INFO (MyInterceptor.java:36)- 0:0:0:0:0:0:0:1   status: 200  path: /static/layui/css/layui.css
2021-11-19 09:43:18,510 INFO (MyInterceptor.java:36)- 0:0:0:0:0:0:0:1   status: 200  path: /static/css/common.css
2021-11-19 09:43:18,512 INFO (MyInterceptor.java:36)- 0:0:0:0:0:0:0:1   status: 404  path: /error
2021-11-19 09:43:18,521 INFO (MyInterceptor.java:88)- [BasicErrorController.error] 执行耗时 : 9ms
2021-11-19 09:43:18,522 INFO (MyInterceptor.java:36)- 0:0:0:0:0:0:0:1   status: 200  path: /static/css/agriculture/agricultureIndex.css
2021-11-19 09:43:18,526 INFO (MyInterceptor.java:36)- 0:0:0:0:0:0:0:1   status: 200  path: /static/js/jquery.min.js
2021-11-19 09:43:18,530 INFO (MyInterceptor.java:36)- 0:0:0:0:0:0:0:1   status: 200  path: /static/chart/echarts.min.js
2021-11-19 09:43:18,534 INFO (MyInterceptor.java:36)- 0:0:0:0:0:0:0:1   status: 200  path: /static/js/china.js
2021-11-19 09:43:18,539 INFO (MyInterceptor.java:36)- 0:0:0:0:0:0:0:1   status: 200  path: /static/js/ezuikit.js
2021-11-19 09:43:18,542 INFO (MyInterceptor.java:36)- 0:0:0:0:0:0:0:1   status: 200  path: /static/layui/layui.js
2021-11-19 09:43:18,554 INFO (MyInterceptor.java:36)- 0:0:0:0:0:0:0:1   status: 200  path: /static/i18n/jquery.i18n.properties.js
2021-11-19 09:43:18,570 INFO (LogRecordAspect.java:84)- 请求结束===返回值:org.apache.shiro.web.servlet.ShiroHttpServletRequest@1caa49d3
2021-11-19 09:43:18,571 INFO (MyInterceptor.java:36)- 0:0:0:0:0:0:0:1   status: 200  path: /static/js/common.js
2021-11-19 09:43:18,573 INFO (MyInterceptor.java:36)- 0:0:0:0:0:0:0:1   status: 200  path: /static/js/agriculture/agricultureIndex.js
2021-11-19 09:43:18,575 INFO (MyInterceptor.java:88)- [UserController.selSubUserList] 执行耗时 : 78ms
2021-11-19 09:43:18,585 INFO (MyInterceptor.java:36)- 0:0:0:0:0:0:0:1   status: 200  path: /static/js/fullScreen.js
2021-11-19 09:43:18,586 INFO (MyInterceptor.java:36)- 0:0:0:0:0:0:0:1   status: 200  path: /static/layui/lay/modules/layer.js
2021-11-19 09:43:18,607 INFO (MyInterceptor.java:36)- 0:0:0:0:0:0:0:1   status: 200  path: /static/layui/css/modules/layer/default/layer.css
2021-11-19 09:43:18,619 INFO (MyInterceptor.java:36)- 0:0:0:0:0:0:0:1   status: 200  path: /static/img/agriculture/camera.png
2021-11-19 09:43:18,629 INFO (MyInterceptor.java:36)- 0:0:0:0:0:0:0:1   status: 200  path: /static/img/agriculture/pointRight.png
2021-11-19 09:43:18,640 INFO (MyInterceptor.java:36)- 0:0:0:0:0:0:0:1   status: 200  path: /static/img/agriculture/lengku.jpg
2021-11-19 09:43:18,653 INFO (MyInterceptor.java:36)- 0:0:0:0:0:0:0:1   status: 200  path: /static/img/agriculture/noMsg.png
2021-11-19 09:43:18,664 INFO (MyInterceptor.java:36)- 0:0:0:0:0:0:0:1   status: 200  path: /static/img/agriculture/dangerMsg.png
2021-11-19 09:43:18,673 INFO (MyInterceptor.java:36)- 0:0:0:0:0:0:0:1   status: 200  path: /static/img/agriculture/allSee.png
2021-11-19 09:43:18,684 INFO (MyInterceptor.java:36)- 0:0:0:0:0:0:0:1   status: 200  path: /static/img/agriculture/device.png
2021-11-19 09:43:18,693 INFO (MyInterceptor.java:36)- 0:0:0:0:0:0:0:1   status: 200  path: /static/img/agriculture/pointLeft.png
2021-11-19 09:43:18,703 INFO (MyInterceptor.java:36)- 0:0:0:0:0:0:0:1   status: 200  path: /static/img/agriculture/data.png
2021-11-19 09:43:18,712 INFO (MyInterceptor.java:36)- 0:0:0:0:0:0:0:1   status: 200  path: /static/img/agriculture/placeMsg.png
2021-11-19 09:43:18,914 INFO (MyInterceptor.java:36)- 0:0:0:0:0:0:0:1   status: 200  path: /static/i18n/zh-CN/zh.properties
2021-11-19 09:43:18,937 INFO (MyInterceptor.java:36)- 0:0:0:0:0:0:0:1   status: 200  path: /static/layui/lay/modules/form.js
2021-11-19 09:43:18,941 INFO (MyInterceptor.java:36)- 0:0:0:0:0:0:0:1   status: 200  path: /projectBaseScene/findEntperpriseList
2021-11-19 09:43:18,942 INFO (MyInterceptor.java:36)- 0:0:0:0:0:0:0:1   status: 200  path: /expertManage/findDiseaseList
2021-11-19 09:43:18,946 INFO (LogRecordAspect.java:75)- 请求=======类型:POST com.jxctdzkj.cloudplatform.controller.ProjectBaseSceneController
2021-11-19 09:43:18,947 INFO (LogRecordAspect.java:76)- 客户端=====地址:0:0:0:0:0:0:0:1
2021-11-19 09:43:18,947 INFO (LogRecordAspect.java:77)- 请求开始===地址:http://localhost:8180/projectBaseScene/findEntperpriseList?1&200&
2021-11-19 09:43:18,952 INFO (LogRecordAspect.java:75)- 请求=======类型:POST com.jxctdzkj.cloudplatform.controller.ExpertManageController
2021-11-19 09:43:18,953 INFO (LogRecordAspect.java:76)- 客户端=====地址:0:0:0:0:0:0:0:1
2021-11-19 09:43:18,953 INFO (LogRecordAspect.java:77)- 请求开始===地址:http://localhost:8180/expertManage/findDiseaseList?2&0&0&50&&
2021-11-19 09:43:18,964 INFO (ControllerHelper.java:55)- userName =adminfish
2021-11-19 09:43:18,985 INFO (MyInterceptor.java:36)- 0:0:0:0:0:0:0:1   status: 200  path: /projectBaseScene/findEntperpriseList
2021-11-19 09:43:18,985 INFO (LogRecordAspect.java:75)- 请求=======类型:POST com.jxctdzkj.cloudplatform.controller.ProjectBaseSceneController
2021-11-19 09:43:18,986 INFO (LogRecordAspect.java:76)- 客户端=====地址:0:0:0:0:0:0:0:1
2021-11-19 09:43:18,986 INFO (LogRecordAspect.java:77)- 请求开始===地址:http://localhost:8180/projectBaseScene/findEntperpriseList?1&200&
2021-11-19 09:43:18,986 INFO (ControllerHelper.java:55)- userName =adminfish
2021-11-19 09:43:18,995 INFO (MyInterceptor.java:36)- 0:0:0:0:0:0:0:1   status: 200  path: /static/img/agriculture/allMap.jpg
2021-11-19 09:43:19,016 INFO (LogRecordAspect.java:84)- 请求结束===返回值:org.apache.shiro.web.servlet.ShiroHttpServletRequest@6bf11071
2021-11-19 09:43:19,016 INFO (LogRecordAspect.java:84)- 请求结束===返回值:org.apache.shiro.web.servlet.ShiroHttpServletRequest@171ba507
2021-11-19 09:43:19,018 INFO (MyInterceptor.java:36)- 0:0:0:0:0:0:0:1   status: 200  path: /projectBaseScene/listBases
2021-11-19 09:43:19,020 INFO (LogRecordAspect.java:75)- 请求=======类型:POST com.jxctdzkj.cloudplatform.controller.ProjectBaseSceneController
2021-11-19 09:43:19,020 INFO (LogRecordAspect.java:76)- 客户端=====地址:0:0:0:0:0:0:0:1
2021-11-19 09:43:19,020 INFO (LogRecordAspect.java:77)- 请求开始===地址:http://localhost:8180/projectBaseScene/listBases?1&100&
2021-11-19 09:43:19,021 INFO (MyInterceptor.java:88)- [ProjectBaseSceneController.findEntperpriseList] 执行耗时 : 80ms
2021-11-19 09:43:19,021 INFO (ControllerHelper.java:55)- userName =adminfish
2021-11-19 09:43:19,022 INFO (MyInterceptor.java:88)- [ProjectBaseSceneController.findEntperpriseList] 执行耗时 : 37ms
2021-11-19 09:43:19,042 INFO (LogRecordAspect.java:84)- 请求结束===返回值:org.apache.shiro.web.servlet.ShiroHttpServletRequest@e48dcd4
2021-11-19 09:43:19,044 INFO (MyInterceptor.java:88)- [ProjectBaseSceneController.listBases] 执行耗时 : 26ms
2021-11-19 09:43:19,117 INFO (MyInterceptor.java:36)- 0:0:0:0:0:0:0:1   status: 200  path: /projectBaseScene/findProjectByEntperpriseId
2021-11-19 09:43:19,118 INFO (LogRecordAspect.java:75)- 请求=======类型:POST com.jxctdzkj.cloudplatform.controller.ProjectBaseSceneController
2021-11-19 09:43:19,118 INFO (LogRecordAspect.java:76)- 客户端=====地址:0:0:0:0:0:0:0:1
2021-11-19 09:43:19,118 INFO (LogRecordAspect.java:77)- 请求开始===地址:http://localhost:8180/projectBaseScene/findProjectByEntperpriseId?62&
2021-11-19 09:43:19,120 INFO (MyInterceptor.java:36)- 0:0:0:0:0:0:0:1   status: 200  path: /projectBaseScene/findProjectList
2021-11-19 09:43:19,121 INFO (LogRecordAspect.java:75)- 请求=======类型:POST com.jxctdzkj.cloudplatform.controller.ProjectBaseSceneController
2021-11-19 09:43:19,122 INFO (LogRecordAspect.java:76)- 客户端=====地址:0:0:0:0:0:0:0:1
2021-11-19 09:43:19,122 INFO (LogRecordAspect.java:77)- 请求开始===地址:http://localhost:8180/projectBaseScene/findProjectList?1&200&62&0&
2021-11-19 09:43:19,122 INFO (ControllerHelper.java:55)- userName =adminfish
2021-11-19 09:43:19,139 INFO (LogRecordAspect.java:84)- 请求结束===返回值:org.apache.shiro.web.servlet.ShiroHttpServletRequest@7324f519
2021-11-19 09:43:19,142 INFO (MyInterceptor.java:88)- [ProjectBaseSceneController.findProjectByEntperpriseId] 执行耗时 : 25ms
2021-11-19 09:43:19,148 INFO (LogRecordAspect.java:84)- 请求结束===返回值:org.apache.shiro.web.servlet.ShiroHttpServletRequest@1908f699
2021-11-19 09:43:19,150 INFO (MyInterceptor.java:88)- [ProjectBaseSceneController.findProjectList] 执行耗时 : 30ms
2021-11-19 09:43:19,155 INFO (MyInterceptor.java:36)- 0:0:0:0:0:0:0:1   status: 200  path: /projectBaseScene/findBaseList
2021-11-19 09:43:19,156 INFO (MyInterceptor.java:36)- 0:0:0:0:0:0:0:1   status: 200  path: /projectBaseScene/findBaseList
2021-11-19 09:43:19,157 INFO (MyInterceptor.java:36)- 0:0:0:0:0:0:0:1   status: 200  path: /projectBaseScene/findBaseList
2021-11-19 09:43:19,157 INFO (LogRecordAspect.java:75)- 请求=======类型:POST com.jxctdzkj.cloudplatform.controller.ProjectBaseSceneController
2021-11-19 09:43:19,158 INFO (LogRecordAspect.java:76)- 客户端=====地址:0:0:0:0:0:0:0:1
2021-11-19 09:43:19,158 INFO (LogRecordAspect.java:77)- 请求开始===地址:http://localhost:8180/projectBaseScene/findBaseList?1&200&84&0&
2021-11-19 09:43:19,158 INFO (LogRecordAspect.java:75)- 请求=======类型:POST com.jxctdzkj.cloudplatform.controller.ProjectBaseSceneController
2021-11-19 09:43:19,158 INFO (MyInterceptor.java:36)- 0:0:0:0:0:0:0:1   status: 200  path: /projectBaseScene/findBaseList
2021-11-19 09:43:19,158 INFO (LogRecordAspect.java:75)- 请求=======类型:POST com.jxctdzkj.cloudplatform.controller.ProjectBaseSceneController
2021-11-19 09:43:19,159 INFO (LogRecordAspect.java:76)- 客户端=====地址:0:0:0:0:0:0:0:1
2021-11-19 09:43:19,159 INFO (ControllerHelper.java:55)- userName =adminfish
2021-11-19 09:43:19,158 INFO (LogRecordAspect.java:76)- 客户端=====地址:0:0:0:0:0:0:0:1
2021-11-19 09:43:19,159 INFO (LogRecordAspect.java:77)- 请求开始===地址:http://localhost:8180/projectBaseScene/findBaseList?1&200&85&0&
2021-11-19 09:43:19,159 INFO (LogRecordAspect.java:77)- 请求开始===地址:http://localhost:8180/projectBaseScene/findBaseList?1&200&86&0&
2021-11-19 09:43:19,159 INFO (ControllerHelper.java:55)- userName =adminfish
2021-11-19 09:43:19,159 INFO (ControllerHelper.java:55)- userName =adminfish
2021-11-19 09:43:19,160 INFO (LogRecordAspect.java:75)- 请求=======类型:POST com.jxctdzkj.cloudplatform.controller.ProjectBaseSceneController
2021-11-19 09:43:19,160 INFO (MyInterceptor.java:36)- 0:0:0:0:0:0:0:1   status: 200  path: /projectBaseScene/findBaseList
2021-11-19 09:43:19,160 INFO (LogRecordAspect.java:76)- 客户端=====地址:0:0:0:0:0:0:0:1
2021-11-19 09:43:19,160 INFO (LogRecordAspect.java:77)- 请求开始===地址:http://localhost:8180/projectBaseScene/findBaseList?1&200&87&0&
2021-11-19 09:43:19,161 INFO (ControllerHelper.java:55)- userName =adminfish
2021-11-19 09:43:19,161 INFO (LogRecordAspect.java:75)- 请求=======类型:POST com.jxctdzkj.cloudplatform.controller.ProjectBaseSceneController
2021-11-19 09:43:19,162 INFO (LogRecordAspect.java:76)- 客户端=====地址:0:0:0:0:0:0:0:1
2021-11-19 09:43:19,162 INFO (LogRecordAspect.java:77)- 请求开始===地址:http://localhost:8180/projectBaseScene/findBaseList?1&200&84&0&
2021-11-19 09:43:19,162 INFO (ControllerHelper.java:55)- userName =adminfish
2021-11-19 09:43:19,190 INFO (LogRecordAspect.java:84)- 请求结束===返回值:org.apache.shiro.web.servlet.ShiroHttpServletRequest@7ab941f9
2021-11-19 09:43:19,194 INFO (MyInterceptor.java:88)- [ExpertManageController.findDiseaseList] 执行耗时 : 252ms
2021-11-19 09:43:19,256 INFO (LogRecordAspect.java:84)- 请求结束===返回值:org.apache.shiro.web.servlet.ShiroHttpServletRequest@3c6c21d9
2021-11-19 09:43:19,257 INFO (MyInterceptor.java:88)- [ProjectBaseSceneController.findBaseList] 执行耗时 : 101ms
2021-11-19 09:43:19,258 INFO (LogRecordAspect.java:84)- 请求结束===返回值:org.apache.shiro.web.servlet.ShiroHttpServletRequest@3aca5ff4
2021-11-19 09:43:19,259 INFO (MyInterceptor.java:88)- [ProjectBaseSceneController.findBaseList] 执行耗时 : 102ms
2021-11-19 09:43:19,261 INFO (LogRecordAspect.java:84)- 请求结束===返回值:org.apache.shiro.web.servlet.ShiroHttpServletRequest@6ba78cbf
2021-11-19 09:43:19,262 INFO (MyInterceptor.java:88)- [ProjectBaseSceneController.findBaseList] 执行耗时 : 107ms
2021-11-19 09:43:19,336 INFO (LogRecordAspect.java:84)- 请求结束===返回值:org.apache.shiro.web.servlet.ShiroHttpServletRequest@4c5be88a
2021-11-19 09:43:19,336 INFO (LogRecordAspect.java:84)- 请求结束===返回值:org.apache.shiro.web.servlet.ShiroHttpServletRequest@6689aedd
2021-11-19 09:43:19,336 INFO (MyInterceptor.java:88)- [ProjectBaseSceneController.findBaseList] 执行耗时 : 176ms
2021-11-19 09:43:19,336 INFO (MyInterceptor.java:88)- [ProjectBaseSceneController.findBaseList] 执行耗时 : 178ms
2021-11-19 09:43:19,340 INFO (MyInterceptor.java:36)- 0:0:0:0:0:0:0:1   status: 200  path: /projectBaseScene/findBaseList
2021-11-19 09:43:19,341 INFO (LogRecordAspect.java:75)- 请求=======类型:POST com.jxctdzkj.cloudplatform.controller.ProjectBaseSceneController
2021-11-19 09:43:19,341 INFO (LogRecordAspect.java:76)- 客户端=====地址:0:0:0:0:0:0:0:1
2021-11-19 09:43:19,341 INFO (LogRecordAspect.java:77)- 请求开始===地址:http://localhost:8180/projectBaseScene/findBaseList?1&200&85&0&
2021-11-19 09:43:19,341 INFO (ControllerHelper.java:55)- userName =adminfish
2021-11-19 09:43:19,357 INFO (LogRecordAspect.java:84)- 请求结束===返回值:org.apache.shiro.web.servlet.ShiroHttpServletRequest@511fdd70
2021-11-19 09:43:19,358 INFO (MyInterceptor.java:88)- [ProjectBaseSceneController.findBaseList] 执行耗时 : 18ms
2021-11-19 09:43:19,361 INFO (MyInterceptor.java:36)- 0:0:0:0:0:0:0:1   status: 200  path: /projectBaseScene/findBaseList
2021-11-19 09:43:19,362 INFO (LogRecordAspect.java:75)- 请求=======类型:POST com.jxctdzkj.cloudplatform.controller.ProjectBaseSceneController
2021-11-19 09:43:19,362 INFO (LogRecordAspect.java:76)- 客户端=====地址:0:0:0:0:0:0:0:1
2021-11-19 09:43:19,363 INFO (LogRecordAspect.java:77)- 请求开始===地址:http://localhost:8180/projectBaseScene/findBaseList?1&200&86&0&
2021-11-19 09:43:19,363 INFO (ControllerHelper.java:55)- userName =adminfish
2021-11-19 09:43:19,379 INFO (LogRecordAspect.java:84)- 请求结束===返回值:org.apache.shiro.web.servlet.ShiroHttpServletRequest@176fe283
2021-11-19 09:43:19,380 INFO (MyInterceptor.java:88)- [ProjectBaseSceneController.findBaseList] 执行耗时 : 19ms
2021-11-19 09:43:19,383 INFO (MyInterceptor.java:36)- 0:0:0:0:0:0:0:1   status: 200  path: /projectBaseScene/findBaseList
2021-11-19 09:43:19,384 INFO (LogRecordAspect.java:75)- 请求=======类型:POST com.jxctdzkj.cloudplatform.controller.ProjectBaseSceneController
2021-11-19 09:43:19,384 INFO (LogRecordAspect.java:76)- 客户端=====地址:0:0:0:0:0:0:0:1
2021-11-19 09:43:19,384 INFO (LogRecordAspect.java:77)- 请求开始===地址:http://localhost:8180/projectBaseScene/findBaseList?1&200&87&0&
2021-11-19 09:43:19,384 INFO (ControllerHelper.java:55)- userName =adminfish
2021-11-19 09:43:19,405 INFO (LogRecordAspect.java:84)- 请求结束===返回值:org.apache.shiro.web.servlet.ShiroHttpServletRequest@27129b23
2021-11-19 09:43:19,406 INFO (MyInterceptor.java:88)- [ProjectBaseSceneController.findBaseList] 执行耗时 : 23ms
2021-11-19 09:43:19,424 INFO (MyInterceptor.java:36)- 0:0:0:0:0:0:0:1   status: 200  path: /static/layui/lay/modules/layer.js
2021-11-19 09:43:19,442 INFO (MyInterceptor.java:36)- 0:0:0:0:0:0:0:1   status: 200  path: /img/device_item_2.png
2021-11-19 09:43:19,488 INFO (MyInterceptor.java:36)- 0:0:0:0:0:0:0:1   status: 200  path: /static/layui/lay/modules/element.js
2021-11-19 09:43:19,510 INFO (MyInterceptor.java:36)- 0:0:0:0:0:0:0:1   status: 200  path: /static/layui/css/modules/layer/default/layer.css
2021-11-19 09:43:19,515 INFO (MyInterceptor.java:36)- 0:0:0:0:0:0:0:1   status: 200  path: /static/layui/lay/modules/layedit.js
2021-11-19 09:43:19,547 INFO (MyInterceptor.java:36)- 0:0:0:0:0:0:0:1   status: 200  path: /static/layui/lay/modules/laydate.js
2021-11-19 09:43:19,581 INFO (MyInterceptor.java:36)- 0:0:0:0:0:0:0:1   status: 200  path: /sysUserOrder/findNotAcceptedOrderList
2021-11-19 09:43:19,582 INFO (LogRecordAspect.java:75)- 请求=======类型:POST com.jxctdzkj.cloudplatform.controller.SysUserOrderController
2021-11-19 09:43:19,582 INFO (LogRecordAspect.java:76)- 客户端=====地址:0:0:0:0:0:0:0:1
2021-11-19 09:43:19,582 INFO (LogRecordAspect.java:77)- 请求开始===地址:http://localhost:8180/sysUserOrder/findNotAcceptedOrderList?
2021-11-19 09:43:19,586 INFO (ControllerHelper.java:55)- userName =adminfish
2021-11-19 09:43:19,591 INFO (MyInterceptor.java:36)- 0:0:0:0:0:0:0:1   status: 200  path: /static/layui/css/modules/laydate/default/laydate.css
2021-11-19 09:43:19,605 INFO (LogRecordAspect.java:84)- 请求结束===返回值:org.apache.shiro.web.servlet.ShiroHttpServletRequest@4f0b84ed
2021-11-19 09:43:19,606 INFO (MyInterceptor.java:88)- [SysUserOrderController.findNotAcceptedOrderList] 执行耗时 : 25ms
2021-11-19 09:43:23,108 INFO (MyInterceptor.java:36)- 0:0:0:0:0:0:0:1   status: 200  path: /projectBaseScene/findProjectByName
2021-11-19 09:43:23,108 INFO (MyInterceptor.java:36)- 0:0:0:0:0:0:0:1   status: 200  path: /projectBaseScene/findProjectByName
2021-11-19 09:43:23,109 INFO (LogRecordAspect.java:75)- 请求=======类型:POST com.jxctdzkj.cloudplatform.controller.ProjectBaseSceneController
2021-11-19 09:43:23,109 INFO (LogRecordAspect.java:75)- 请求=======类型:POST com.jxctdzkj.cloudplatform.controller.ProjectBaseSceneController
2021-11-19 09:43:23,109 INFO (LogRecordAspect.java:76)- 客户端=====地址:0:0:0:0:0:0:0:1
2021-11-19 09:43:23,109 INFO (LogRecordAspect.java:76)- 客户端=====地址:0:0:0:0:0:0:0:1
2021-11-19 09:43:23,109 INFO (LogRecordAspect.java:77)- 请求开始===地址:http://localhost:8180/projectBaseScene/findProjectByName?冷库111&
2021-11-19 09:43:23,109 INFO (LogRecordAspect.java:77)- 请求开始===地址:http://localhost:8180/projectBaseScene/findProjectByName?冷库111&
2021-11-19 09:43:23,120 INFO (LogRecordAspect.java:84)- 请求结束===返回值:org.apache.shiro.web.servlet.ShiroHttpServletRequest@48648b9
2021-11-19 09:43:23,120 INFO (LogRecordAspect.java:84)- 请求结束===返回值:org.apache.shiro.web.servlet.ShiroHttpServletRequest@712cf10e
2021-11-19 09:43:23,121 INFO (MyInterceptor.java:88)- [ProjectBaseSceneController.findProjectByName] 执行耗时 : 13ms
2021-11-19 09:43:23,122 INFO (MyInterceptor.java:88)- [ProjectBaseSceneController.findProjectByName] 执行耗时 : 14ms
2021-11-19 09:43:23,125 INFO (MyInterceptor.java:36)- 0:0:0:0:0:0:0:1   status: 200  path: /expertManage/findDeviceListById
2021-11-19 09:43:23,125 INFO (MyInterceptor.java:36)- 0:0:0:0:0:0:0:1   status: 200  path: /expertManage/findDeviceByProjectWebsite
2021-11-19 09:43:23,125 INFO (LogRecordAspect.java:75)- 请求=======类型:POST com.jxctdzkj.cloudplatform.controller.ExpertManageController
2021-11-19 09:43:23,126 INFO (LogRecordAspect.java:76)- 客户端=====地址:0:0:0:0:0:0:0:1
2021-11-19 09:43:23,126 INFO (LogRecordAspect.java:77)- 请求开始===地址:http://localhost:8180/expertManage/findDeviceListById?0300202100001478&
2021-11-19 09:43:23,126 INFO (LogRecordAspect.java:75)- 请求=======类型:POST com.jxctdzkj.cloudplatform.controller.ExpertManageController
2021-11-19 09:43:23,126 INFO (LogRecordAspect.java:76)- 客户端=====地址:0:0:0:0:0:0:0:1
2021-11-19 09:43:23,126 INFO (LogRecordAspect.java:77)- 请求开始===地址:http://localhost:8180/expertManage/findDeviceByProjectWebsite?0300202100001478，0300202100001502，0300202100001513&
2021-11-19 09:43:25,662 INFO (LogRecordAspect.java:84)- 请求结束===返回值:org.apache.shiro.web.servlet.ShiroHttpServletRequest@4e12f6dc
2021-11-19 09:43:25,663 INFO (MyInterceptor.java:85)- [com.jxctdzkj.cloudplatform.controller.ExpertManageController.findDeviceListById] 执行耗时 : 2538ms
2021-11-19 09:43:27,962 INFO (LogRecordAspect.java:84)- 请求结束===返回值:org.apache.shiro.web.servlet.ShiroHttpServletRequest@7b1825bc
2021-11-19 09:43:27,963 INFO (MyInterceptor.java:85)- [com.jxctdzkj.cloudplatform.controller.ExpertManageController.findDeviceByProjectWebsite] 执行耗时 : 4838ms
